Build started 1/22/2016 5:29:43 PM.
     1>Project "D:\PGVD Research\Nathan\OpenCLTest\BigUnsignedSort\OpenCLTest\OpenCLTest.vcxproj" on node 2 (Build target(s)).
     1>ClCompile:
         C:\Program Files (x86)\Microsoft Visual Studio 12.0\VC\bin\CL.exe /c /I"C:\Program Files\NVIDIA GPU Computing Toolkit\CUDA\v7.5\include" /ZI /nologo /W3 /WX- /sdl /Od /Oy- /D WIN32 /D _DEBUG /D _CONSOLE /D _LIB /D _UNICODE /D UNICODE /Gm /EHsc /RTC1 /MDd /GS /fp:precise /Zc:wchar_t /Zc:forScope /Fo"Debug\\" /Fd"Debug\vc120.pdb" /Gd /TC /analyze- /errorReport:prompt bigint\BigUnsigned.c
         BigUnsigned.c
     1>d:\pgvd research\nathan\opencltest\bigunsignedsort\opencltest\bigint\bigunsigned.c(262): warning C4244: 'initializing' : conversion from 'Blk' to 'unsigned short', possible loss of data
     1>d:\pgvd research\nathan\opencltest\bigunsignedsort\opencltest\bigint\bigunsigned.c(181): warning C4715: 'createLBU' : not all control paths return a value
     1>d:\pgvd research\nathan\opencltest\bigunsignedsort\opencltest\bigint\bigunsigned.c(223): warning C4715: 'createSBU' : not all control paths return a value
     1>d:\pgvd research\nathan\opencltest\bigunsignedsort\opencltest\bigint\bigunsigned.c(202): warning C4715: 'createIBU' : not all control paths return a value
     1>d:\pgvd research\nathan\opencltest\bigunsignedsort\opencltest\bigint\bigunsigned.c(244): warning C4715: 'buToULong' : not all control paths return a value
     1>d:\pgvd research\nathan\opencltest\bigunsignedsort\opencltest\bigint\bigunsigned.c(257): warning C4715: 'buToUInt' : not all control paths return a value
     1>d:\pgvd research\nathan\opencltest\bigunsignedsort\opencltest\bigint\bigunsigned.c(278): warning C4715: 'buToLong' : not all control paths return a value
     1>d:\pgvd research\nathan\opencltest\bigunsignedsort\opencltest\bigint\bigunsigned.c(270): warning C4715: 'buToUShort' : not all control paths return a value
     1>d:\pgvd research\nathan\opencltest\bigunsignedsort\opencltest\bigint\bigunsigned.c(286): warning C4715: 'buToInt' : not all control paths return a value
     1>d:\pgvd research\nathan\opencltest\bigunsignedsort\opencltest\bigint\bigunsigned.c(294): warning C4715: 'buToShort' : not all control paths return a value
         C:\Program Files (x86)\Microsoft Visual Studio 12.0\VC\bin\CL.exe /c /I"C:\Program Files\NVIDIA GPU Computing Toolkit\CUDA\v7.5\include" /ZI /nologo /W3 /WX- /sdl /Od /Oy- /D WIN32 /D _DEBUG /D _CONSOLE /D _LIB /D _UNICODE /D UNICODE /Gm /EHsc /RTC1 /MDd /GS /fp:precise /Zc:wchar_t /Zc:forScope /Fo"Debug\\" /Fd"Debug\vc120.pdb" /Gd /TP /analyze- /errorReport:prompt main.cpp
         main.cpp
     1>d:\pgvd research\nathan\opencltest\bigunsignedsort\opencltest\bigint\bigunsigned_unittest.h(9): error C2079: 'bu' uses undefined struct 'testBigUnsignedConstructors::BigUnsigned'
     1>d:\pgvd research\nathan\opencltest\bigunsignedsort\opencltest\bigint\bigunsigned_unittest.h(9): error C3861: 'createBU': identifier not found
     1>d:\pgvd research\nathan\opencltest\bigunsignedsort\opencltest\bigint\bigunsigned_unittest.h(10): error C2228: left of '.len' must have class/struct/union
                 type is 'int'
     1>d:\pgvd research\nathan\opencltest\bigunsignedsort\opencltest\bigint\bigunsigned_unittest.h(12): error C2228: left of '.cap' must have class/struct/union
                 type is 'int'
     1>d:\pgvd research\nathan\opencltest\bigunsignedsort\opencltest\bigint\bigunsigned_unittest.h(14): error C2228: left of '.N' must have class/struct/union
                 type is 'int'
     1>d:\pgvd research\nathan\opencltest\bigunsignedsort\opencltest\bigint\bigunsigned_unittest.h(14): error C2065: 'Blk' : undeclared identifier
     1>d:\pgvd research\nathan\opencltest\bigunsignedsort\opencltest\bigint\bigunsigned_unittest.h(14): error C2070: 'unknown-type': illegal sizeof operand
     1>d:\pgvd research\nathan\opencltest\bigunsignedsort\opencltest\bigint\bigunsigned_unittest.h(15): error C2065: 'Blk' : undeclared identifier
     1>d:\pgvd research\nathan\opencltest\bigunsignedsort\opencltest\bigint\bigunsigned_unittest.h(15): error C2070: 'unknown-type': illegal sizeof operand
     1>d:\pgvd research\nathan\opencltest\bigunsignedsort\opencltest\bigint\bigunsigned_unittest.h(19): error C3861: 'createBU': identifier not found
     1>d:\pgvd research\nathan\opencltest\bigunsignedsort\opencltest\bigint\bigunsigned_unittest.h(20): error C2228: left of '.len' must have class/struct/union
                 type is 'int'
     1>d:\pgvd research\nathan\opencltest\bigunsignedsort\opencltest\bigint\bigunsigned_unittest.h(22): error C2228: left of '.cap' must have class/struct/union
                 type is 'int'
     1>d:\pgvd research\nathan\opencltest\bigunsignedsort\opencltest\bigint\bigunsigned_unittest.h(24): error C2228: left of '.N' must have class/struct/union
                 type is 'int'
     1>d:\pgvd research\nathan\opencltest\bigunsignedsort\opencltest\bigint\bigunsigned_unittest.h(24): error C2065: 'Blk' : undeclared identifier
     1>d:\pgvd research\nathan\opencltest\bigunsignedsort\opencltest\bigint\bigunsigned_unittest.h(24): error C2070: 'unknown-type': illegal sizeof operand
     1>d:\pgvd research\nathan\opencltest\bigunsignedsort\opencltest\bigint\bigunsigned_unittest.h(25): error C2065: 'Blk' : undeclared identifier
     1>d:\pgvd research\nathan\opencltest\bigunsignedsort\opencltest\bigint\bigunsigned_unittest.h(25): error C2070: 'unknown-type': illegal sizeof operand
     1>d:\pgvd research\nathan\opencltest\bigunsignedsort\opencltest\bigint\bigunsigned_unittest.h(28): error C3861: 'createBU': identifier not found
     1>d:\pgvd research\nathan\opencltest\bigunsignedsort\opencltest\bigint\bigunsigned_unittest.h(29): error C2228: left of '.len' must have class/struct/union
                 type is 'int'
     1>d:\pgvd research\nathan\opencltest\bigunsignedsort\opencltest\bigint\bigunsigned_unittest.h(31): error C2228: left of '.cap' must have class/struct/union
                 type is 'int'
     1>d:\pgvd research\nathan\opencltest\bigunsignedsort\opencltest\bigint\bigunsigned_unittest.h(33): error C2228: left of '.N' must have class/struct/union
                 type is 'int'
     1>d:\pgvd research\nathan\opencltest\bigunsignedsort\opencltest\bigint\bigunsigned_unittest.h(33): error C2065: 'Blk' : undeclared identifier
     1>d:\pgvd research\nathan\opencltest\bigunsignedsort\opencltest\bigint\bigunsigned_unittest.h(33): error C2070: 'unknown-type': illegal sizeof operand
     1>d:\pgvd research\nathan\opencltest\bigunsignedsort\opencltest\bigint\bigunsigned_unittest.h(34): error C2065: 'Blk' : undeclared identifier
     1>d:\pgvd research\nathan\opencltest\bigunsignedsort\opencltest\bigint\bigunsigned_unittest.h(34): error C2070: 'unknown-type': illegal sizeof operand
     1>d:\pgvd research\nathan\opencltest\bigunsignedsort\opencltest\bigint\bigunsigned_unittest.h(38): error C3861: 'createBU': identifier not found
     1>d:\pgvd research\nathan\opencltest\bigunsignedsort\opencltest\bigint\bigunsigned_unittest.h(39): error C2228: left of '.len' must have class/struct/union
                 type is 'int'
     1>d:\pgvd research\nathan\opencltest\bigunsignedsort\opencltest\bigint\bigunsigned_unittest.h(41): error C2228: left of '.cap' must have class/struct/union
                 type is 'int'
     1>d:\pgvd research\nathan\opencltest\bigunsignedsort\opencltest\bigint\bigunsigned_unittest.h(43): error C2228: left of '.N' must have class/struct/union
                 type is 'int'
     1>d:\pgvd research\nathan\opencltest\bigunsignedsort\opencltest\bigint\bigunsigned_unittest.h(43): error C2065: 'Blk' : undeclared identifier
     1>d:\pgvd research\nathan\opencltest\bigunsignedsort\opencltest\bigint\bigunsigned_unittest.h(43): error C2070: 'unknown-type': illegal sizeof operand
     1>d:\pgvd research\nathan\opencltest\bigunsignedsort\opencltest\bigint\bigunsigned_unittest.h(44): error C2065: 'Blk' : undeclared identifier
     1>d:\pgvd research\nathan\opencltest\bigunsignedsort\opencltest\bigint\bigunsigned_unittest.h(44): error C2070: 'unknown-type': illegal sizeof operand
     1>d:\pgvd research\nathan\opencltest\bigunsignedsort\opencltest\bigint\bigunsigned_unittest.h(47): error C3861: 'createBU': identifier not found
     1>d:\pgvd research\nathan\opencltest\bigunsignedsort\opencltest\bigint\bigunsigned_unittest.h(48): error C2228: left of '.len' must have class/struct/union
                 type is 'int'
     1>d:\pgvd research\nathan\opencltest\bigunsignedsort\opencltest\bigint\bigunsigned_unittest.h(50): error C2228: left of '.cap' must have class/struct/union
                 type is 'int'
     1>d:\pgvd research\nathan\opencltest\bigunsignedsort\opencltest\bigint\bigunsigned_unittest.h(52): error C2228: left of '.N' must have class/struct/union
                 type is 'int'
     1>d:\pgvd research\nathan\opencltest\bigunsignedsort\opencltest\bigint\bigunsigned_unittest.h(52): error C2065: 'Blk' : undeclared identifier
     1>d:\pgvd research\nathan\opencltest\bigunsignedsort\opencltest\bigint\bigunsigned_unittest.h(52): error C2070: 'unknown-type': illegal sizeof operand
     1>d:\pgvd research\nathan\opencltest\bigunsignedsort\opencltest\bigint\bigunsigned_unittest.h(53): error C2065: 'Blk' : undeclared identifier
     1>d:\pgvd research\nathan\opencltest\bigunsignedsort\opencltest\bigint\bigunsigned_unittest.h(53): error C2070: 'unknown-type': illegal sizeof operand
     1>d:\pgvd research\nathan\opencltest\bigunsignedsort\opencltest\bigint\bigunsigned_unittest.h(56): error C3861: 'createBU': identifier not found
     1>d:\pgvd research\nathan\opencltest\bigunsignedsort\opencltest\bigint\bigunsigned_unittest.h(57): error C2228: left of '.len' must have class/struct/union
                 type is 'int'
     1>d:\pgvd research\nathan\opencltest\bigunsignedsort\opencltest\bigint\bigunsigned_unittest.h(59): error C2228: left of '.cap' must have class/struct/union
                 type is 'int'
     1>d:\pgvd research\nathan\opencltest\bigunsignedsort\opencltest\bigint\bigunsigned_unittest.h(61): error C2228: left of '.N' must have class/struct/union
                 type is 'int'
     1>d:\pgvd research\nathan\opencltest\bigunsignedsort\opencltest\bigint\bigunsigned_unittest.h(61): error C2065: 'Blk' : undeclared identifier
     1>d:\pgvd research\nathan\opencltest\bigunsignedsort\opencltest\bigint\bigunsigned_unittest.h(61): error C2070: 'unknown-type': illegal sizeof operand
     1>d:\pgvd research\nathan\opencltest\bigunsignedsort\opencltest\bigint\bigunsigned_unittest.h(62): error C2065: 'Blk' : undeclared identifier
     1>d:\pgvd research\nathan\opencltest\bigunsignedsort\opencltest\bigint\bigunsigned_unittest.h(62): error C2070: 'unknown-type': illegal sizeof operand
     1>d:\pgvd research\nathan\opencltest\bigunsignedsort\opencltest\bigint\bigunsigned_unittest.h(65): error C3861: 'createBU': identifier not found
     1>d:\pgvd research\nathan\opencltest\bigunsignedsort\opencltest\bigint\bigunsigned_unittest.h(66): error C2228: left of '.len' must have class/struct/union
                 type is 'int'
     1>d:\pgvd research\nathan\opencltest\bigunsignedsort\opencltest\bigint\bigunsigned_unittest.h(68): error C2228: left of '.cap' must have class/struct/union
                 type is 'int'
     1>d:\pgvd research\nathan\opencltest\bigunsignedsort\opencltest\bigint\bigunsigned_unittest.h(70): error C2228: left of '.N' must have class/struct/union
                 type is 'int'
     1>d:\pgvd research\nathan\opencltest\bigunsignedsort\opencltest\bigint\bigunsigned_unittest.h(70): error C2065: 'Blk' : undeclared identifier
     1>d:\pgvd research\nathan\opencltest\bigunsignedsort\opencltest\bigint\bigunsigned_unittest.h(70): error C2070: 'unknown-type': illegal sizeof operand
     1>d:\pgvd research\nathan\opencltest\bigunsignedsort\opencltest\bigint\bigunsigned_unittest.h(71): error C2065: 'Blk' : undeclared identifier
     1>d:\pgvd research\nathan\opencltest\bigunsignedsort\opencltest\bigint\bigunsigned_unittest.h(71): error C2070: 'unknown-type': illegal sizeof operand
     1>d:\pgvd research\nathan\opencltest\bigunsignedsort\opencltest\bigint\bigunsigned_unittest.h(78): error C2079: 'result' uses undefined struct 'testBigUnsignedAddition::BigUnsigned'
     1>d:\pgvd research\nathan\opencltest\bigunsignedsort\opencltest\bigint\bigunsigned_unittest.h(78): error C3861: 'addBU': identifier not found
     1>d:\pgvd research\nathan\opencltest\bigunsignedsort\opencltest\bigint\bigunsigned_unittest.h(78): error C3861: 'createBU': identifier not found
     1>d:\pgvd research\nathan\opencltest\bigunsignedsort\opencltest\bigint\bigunsigned_unittest.h(79): error C2228: left of '.compare' must have class/struct/union
                 type is 'unknown-type'
     1>d:\pgvd research\nathan\opencltest\bigunsignedsort\opencltest\bigint\bigunsigned_unittest.h(79): error C3861: 'buToString': identifier not found
     1>d:\pgvd research\nathan\opencltest\bigunsignedsort\opencltest\bigint\bigunsigned_unittest.h(82): error C3861: 'buToString': identifier not found
     1>d:\pgvd research\nathan\opencltest\bigunsignedsort\opencltest\bigint\bigunsigned_unittest.h(87): error C2079: 'bigNumber' uses undefined struct 'testBigUnsignedSubtraction::BigUnsigned'
     1>d:\pgvd research\nathan\opencltest\bigunsignedsort\opencltest\bigint\bigunsigned_unittest.h(87): error C3861: 'createBU': identifier not found
     1>d:\pgvd research\nathan\opencltest\bigunsignedsort\opencltest\bigint\bigunsigned_unittest.h(88): error C2228: left of '.len' must have class/struct/union
                 type is 'int'
     1>d:\pgvd research\nathan\opencltest\bigunsignedsort\opencltest\bigint\bigunsigned_unittest.h(89): error C2228: left of '.blk' must have class/struct/union
                 type is 'int'
     1>d:\pgvd research\nathan\opencltest\bigunsignedsort\opencltest\bigint\bigunsigned_unittest.h(90): error C2228: left of '.blk' must have class/struct/union
                 type is 'int'
     1>d:\pgvd research\nathan\opencltest\bigunsignedsort\opencltest\bigint\bigunsigned_unittest.h(92): error C2079: 'result' uses undefined struct 'testBigUnsignedSubtraction::BigUnsigned'
     1>d:\pgvd research\nathan\opencltest\bigunsignedsort\opencltest\bigint\bigunsigned_unittest.h(92): error C3861: 'subtractBU': identifier not found
     1>d:\pgvd research\nathan\opencltest\bigunsignedsort\opencltest\bigint\bigunsigned_unittest.h(92): error C3861: 'createBU': identifier not found
     1>d:\pgvd research\nathan\opencltest\bigunsignedsort\opencltest\bigint\bigunsigned_unittest.h(93): error C2228: left of '.compare' must have class/struct/union
                 type is 'unknown-type'
     1>d:\pgvd research\nathan\opencltest\bigunsignedsort\opencltest\bigint\bigunsigned_unittest.h(93): error C3861: 'buToString': identifier not found
     1>d:\pgvd research\nathan\opencltest\bigunsignedsort\opencltest\bigint\bigunsigned_unittest.h(96): error C3861: 'buToString': identifier not found
     1>d:\pgvd research\nathan\opencltest\bigunsignedsort\opencltest\bigint\bigunsigned_unittest.h(104): error C2079: 'bu' uses undefined struct 'testBigUnsignedBlockAccessors::BigUnsigned'
     1>d:\pgvd research\nathan\opencltest\bigunsignedsort\opencltest\bigint\bigunsigned_unittest.h(104): error C3861: 'createBU': identifier not found
     1>d:\pgvd research\nathan\opencltest\bigunsignedsort\opencltest\bigint\bigunsigned_unittest.h(105): error C3861: 'getBUBlock': identifier not found
     1>d:\pgvd research\nathan\opencltest\bigunsignedsort\opencltest\bigint\bigunsigned_unittest.h(106): error C3861: 'getBUBlock': identifier not found
     1>d:\pgvd research\nathan\opencltest\bigunsignedsort\opencltest\bigint\bigunsigned_unittest.h(112): error C3861: 'setBUBlock': identifier not found
     1>d:\pgvd research\nathan\opencltest\bigunsignedsort\opencltest\bigint\bigunsigned_unittest.h(113): error C3861: 'getBUBlock': identifier not found
     1>d:\pgvd research\nathan\opencltest\bigunsignedsort\opencltest\bigint\bigunsigned_unittest.h(114): error C3861: 'getBUBlock': identifier not found
     1>d:\pgvd research\nathan\opencltest\bigunsignedsort\opencltest\bigint\bigunsigned_unittest.h(120): error C3861: 'getShiftedBUBlock': identifier not found
     1>d:\pgvd research\nathan\opencltest\bigunsignedsort\opencltest\bigint\bigunsigned_unittest.h(128): error C2079: 'bu' uses undefined struct 'testBigUnsignedBitAccessors::BigUnsigned'
     1>d:\pgvd research\nathan\opencltest\bigunsignedsort\opencltest\bigint\bigunsigned_unittest.h(128): error C3861: 'createBU': identifier not found
     1>d:\pgvd research\nathan\opencltest\bigunsignedsort\opencltest\bigint\bigunsigned_unittest.h(132): error C3861: 'getBUBitLength': identifier not found
     1>d:\pgvd research\nathan\opencltest\bigunsignedsort\opencltest\bigint\bigunsigned_unittest.h(138): error C3861: 'getBUBit': identifier not found
     1>d:\pgvd research\nathan\opencltest\bigunsignedsort\opencltest\bigint\bigunsigned_unittest.h(144): error C3861: 'setBUBit': identifier not found
     1>d:\pgvd research\nathan\opencltest\bigunsignedsort\opencltest\bigint\bigunsigned_unittest.h(145): error C3861: 'getBUBit': identifier not found
     1>d:\pgvd research\nathan\opencltest\bigunsignedsort\opencltest\bigint\bigunsigned_unittest.h(155): error C2079: 'x' uses undefined struct 'testBigUnsignedAnd::BigUnsigned'
     1>d:\pgvd research\nathan\opencltest\bigunsignedsort\opencltest\bigint\bigunsigned_unittest.h(155): error C3861: 'createBU': identifier not found
     1>d:\pgvd research\nathan\opencltest\bigunsignedsort\opencltest\bigint\bigunsigned_unittest.h(156): error C2228: left of '.len' must have class/struct/union
                 type is 'int'
     1>d:\pgvd research\nathan\opencltest\bigunsignedsort\opencltest\bigint\bigunsigned_unittest.h(157): error C2228: left of '.blk' must have class/struct/union
                 type is 'int'
     1>d:\pgvd research\nathan\opencltest\bigunsignedsort\opencltest\bigint\bigunsigned_unittest.h(158): error C2079: 'y' uses undefined struct 'testBigUnsignedAnd::BigUnsigned'
     1>d:\pgvd research\nathan\opencltest\bigunsignedsort\opencltest\bigint\bigunsigned_unittest.h(158): error C3861: 'createBU': identifier not found
     1>d:\pgvd research\nathan\opencltest\bigunsignedsort\opencltest\bigint\bigunsigned_unittest.h(159): error C2228: left of '.len' must have class/struct/union
                 type is 'int'
     1>d:\pgvd research\nathan\opencltest\bigunsignedsort\opencltest\bigint\bigunsigned_unittest.h(160): error C2228: left of '.blk' must have class/struct/union
                 type is 'int'
     1>d:\pgvd research\nathan\opencltest\bigunsignedsort\opencltest\bigint\bigunsigned_unittest.h(161): error C2228: left of '.compare' must have class/struct/union
                 type is 'unknown-type'
     1>d:\pgvd research\nathan\opencltest\bigunsignedsort\opencltest\bigint\bigunsigned_unittest.h(161): error C3861: 'buToString': identifier not found
     1>d:\pgvd research\nathan\opencltest\bigunsignedsort\opencltest\bigint\bigunsigned_unittest.h(161): error C3861: 'andBU': identifier not found
     1>d:\pgvd research\nathan\opencltest\bigunsignedsort\opencltest\bigint\bigunsigned_unittest.h(169): error C2079: 'x' uses undefined struct 'testBigUnsignedOr::BigUnsigned'
     1>d:\pgvd research\nathan\opencltest\bigunsignedsort\opencltest\bigint\bigunsigned_unittest.h(169): error C3861: 'createBU': identifier not found
     1>d:\pgvd research\nathan\opencltest\bigunsignedsort\opencltest\bigint\bigunsigned_unittest.h(169): fatal error C1003: error count exceeds 100; stopping compilation
     1>Done Building Project "D:\PGVD Research\Nathan\OpenCLTest\BigUnsignedSort\OpenCLTest\OpenCLTest.vcxproj" (Build target(s)) -- FAILED.

Build FAILED.

Time Elapsed 00:00:00.56
